# JRE version: Java(TM) SE Runtime Environment (7.0_51-b13) (build 1.7.0_51-b13)
# Java VM: Java HotSpot(TM) Client VM (24.51-b03 mixed mode, sharing windows-x86 )
Heap
 def new generation   total 4992K, used 4022K [0x248d0000, 0x24e30000, 0x29e20000)
  eden space 4480K,  89% used [0x248d0000, 0x24cb4da8, 0x24d30000)
  from space 512K,   6% used [0x24db0000, 0x24db8c18, 0x24e30000)
  to   space 512K,   0% used [0x24d30000, 0x24d30000, 0x24db0000)
 tenured generation   total 10944K, used 6008K [0x29e20000, 0x2a8d0000, 0x348d0000)
   the space 10944K,  54% used [0x29e20000, 0x2a3fe030, 0x2a3fe200, 0x2a8d0000)
 compacting perm gen  total 12288K, used 1287K [0x348d0000, 0x354d0000, 0x388d0000)
   the space 12288K,  10% used [0x348d0000, 0x34a11f00, 0x34a12000, 0x354d0000)
    ro space 10240K,  44% used [0x388d0000, 0x38d47e30, 0x38d48000, 0x392d0000)
    rw space 12288K,  52% used [0x392d0000, 0x3991eb58, 0x3991ec00, 0x39ed0000)
GC Heap History (10 events):
Event: 58.465 GC heap before
{Heap before GC invocations=28 (full 1):
 def new generation   total 4992K, used 4531K [0x248d0000, 0x24e30000, 0x29e20000)
  eden space 4480K, 100% used [0x248d0000, 0x24d30000, 0x24d30000)
  from space 512K,  10% used [0x24d30000, 0x24d3cd20, 0x24db0000)
  to   space 512K,   0% used [0x24db0000, 0x24db0000, 0x24e30000)
 tenured generation   total 10944K, used 5990K [0x29e20000, 0x2a8d0000, 0x348d0000)
   the space 10944K,  54% used [0x29e20000, 0x2a3f9b58, 0x2a3f9c00, 0x2a8d0000)
 compacting perm gen  total 12288K, used 1276K [0x348d0000, 0x354d0000, 0x388d0000)
   the space 12288K,  10% used [0x348d0000, 0x34a0f310, 0x34a0f400, 0x354d0000)
    ro space 10240K,  44% used [0x388d0000, 0x38d47e30, 0x38d48000, 0x392d0000)
    rw space 12288K,  52% used [0x392d0000, 0x3991eb58, 0x3991ec00, 0x39ed0000)
Event: 58.466 GC heap after
Heap after GC invocations=29 (full 1):
 def new generation   total 4992K, used 47K [0x248d0000, 0x24e30000, 0x29e20000)
  eden space 4480K,   0% used [0x248d0000, 0x248d0000, 0x24d30000)
  from space 512K,   9% used [0x24db0000, 0x24dbbee0, 0x24e30000)
  to   space 512K,   0% used [0x24d30000, 0x24d30000, 0x24db0000)
 tenured generation   total 10944K, used 5994K [0x29e20000, 0x2a8d0000, 0x348d0000)
   the space 10944K,  54% used [0x29e20000, 0x2a3fa990, 0x2a3faa00, 0x2a8d0000)
 compacting perm gen  total 12288K, used 1276K [0x348d0000, 0x354d0000, 0x388d0000)
   the space 12288K,  10% used [0x348d0000, 0x34a0f310, 0x34a0f400, 0x354d0000)
    ro space 10240K,  44% used [0x388d0000, 0x38d47e30, 0x38d48000, 0x392d0000)
    rw space 12288K,  52% used [0x392d0000, 0x3991eb58, 0x3991ec00, 0x39ed0000)
}
Event: 59.022 GC heap before
{Heap before GC invocations=29 (full 1):
 def new generation   total 4992K, used 4527K [0x248d0000, 0x24e30000, 0x29e20000)
  eden space 4480K, 100% used [0x248d0000, 0x24d30000, 0x24d30000)
  from space 512K,   9% used [0x24db0000, 0x24dbbee0, 0x24e30000)
  to   space 512K,   0% used [0x24d30000, 0x24d30000, 0x24db0000)
 tenured generation   total 10944K, used 5994K [0x29e20000, 0x2a8d0000, 0x348d0000)
   the space 10944K,  54% used [0x29e20000, 0x2a3fa990, 0x2a3faa00, 0x2a8d0000)
 compacting perm gen  total 12288K, used 1276K [0x348d0000, 0x354d0000, 0x388d0000)
   the space 12288K,  10% used [0x348d0000, 0x34a0f330, 0x34a0f400, 0x354d0000)
    ro space 10240K,  44% used [0x388d0000, 0x38d47e30, 0x38d48000, 0x392d0000)
    rw space 12288K,  52% used [0x392d0000, 0x3991eb58, 0x3991ec00, 0x39ed0000)
Event: 59.022 GC heap after
Heap after GC invocations=30 (full 1):
 def new generation   total 4992K, used 44K [0x248d0000, 0x24e30000, 0x29e20000)
  eden space 4480K,   0% used [0x248d0000, 0x248d0000, 0x24d30000)
  from space 512K,   8% used [0x24d30000, 0x24d3b260, 0x24db0000)
  to   space 512K,   0% used [0x24db0000, 0x24db0000, 0x24e30000)
 tenured generation   total 10944K, used 5997K [0x29e20000, 0x2a8d0000, 0x348d0000)
   the space 10944K,  54% used [0x29e20000, 0x2a3fb638, 0x2a3fb800, 0x2a8d0000)
 compacting perm gen  total 12288K, used 1276K [0x348d0000, 0x354d0000, 0x388d0000)
   the space 12288K,  10% used [0x348d0000, 0x34a0f330, 0x34a0f400, 0x354d0000)
    ro space 10240K,  44% used [0x388d0000, 0x38d47e30, 0x38d48000, 0x392d0000)
    rw space 12288K,  52% used [0x392d0000, 0x3991eb58, 0x3991ec00, 0x39ed0000)
}
Event: 59.180 GC heap before
{Heap before GC invocations=30 (full 1):
 def new generation   total 4992K, used 4524K [0x248d0000, 0x24e30000, 0x29e20000)
  eden space 4480K, 100% used [0x248d0000, 0x24d30000, 0x24d30000)
  from space 512K,   8% used [0x24d30000, 0x24d3b260, 0x24db0000)
  to   space 512K,   0% used [0x24db0000, 0x24db0000, 0x24e30000)
 tenured generation   total 10944K, used 5997K [0x29e20000, 0x2a8d0000, 0x348d0000)
   the space 10944K,  54% used [0x29e20000, 0x2a3fb638, 0x2a3fb800, 0x2a8d0000)
 compacting perm gen  total 12288K, used 1276K [0x348d0000, 0x354d0000, 0x388d0000)
   the space 12288K,  10% used [0x348d0000, 0x34a0f360, 0x34a0f400, 0x354d0000)
    ro space 10240K,  44% used [0x388d0000, 0x38d47e30, 0x38d48000, 0x392d0000)
    rw space 12288K,  52% used [0x392d0000, 0x3991eb58, 0x3991ec00, 0x39ed0000)
Event: 59.181 GC heap after
Heap after GC invocations=31 (full 1):
 def new generation   total 4992K, used 33K [0x248d0000, 0x24e30000, 0x29e20000)
  eden space 4480K,   0% used [0x248d0000, 0x248d0000, 0x24d30000)
  from space 512K,   6% used [0x24db0000, 0x24db8788, 0x24e30000)
  to   space 512K,   0% used [0x24d30000, 0x24d30000, 0x24db0000)
 tenured generation   total 10944K, used 6008K [0x29e20000, 0x2a8d0000, 0x348d0000)
   the space 10944K,  54% used [0x29e20000, 0x2a3fe030, 0x2a3fe200, 0x2a8d0000)
 compacting perm gen  total 12288K, used 1276K [0x348d0000, 0x354d0000, 0x388d0000)
   the space 12288K,  10% used [0x348d0000, 0x34a0f360, 0x34a0f400, 0x354d0000)
    ro space 10240K,  44% used [0x388d0000, 0x38d47e30, 0x38d48000, 0x392d0000)
    rw space 12288K,  52% used [0x392d0000, 0x3991eb58, 0x3991ec00, 0x39ed0000)
}
Event: 59.728 GC heap before
{Heap before GC invocations=31 (full 1):
 def new generation   total 4992K, used 4513K [0x248d0000, 0x24e30000, 0x29e20000)
  eden space 4480K, 100% used [0x248d0000, 0x24d30000, 0x24d30000)
  from space 512K,   6% used [0x24db0000, 0x24db8788, 0x24e30000)
  to   space 512K,   0% used [0x24d30000, 0x24d30000, 0x24db0000)
 tenured generation   total 10944K, used 6008K [0x29e20000, 0x2a8d0000, 0x348d0000)
   the space 10944K,  54% used [0x29e20000, 0x2a3fe030, 0x2a3fe200, 0x2a8d0000)
 compacting perm gen  total 12288K, used 1276K [0x348d0000, 0x354d0000, 0x388d0000)
   the space 12288K,  10% used [0x348d0000, 0x34a0f360, 0x34a0f400, 0x354d0000)
    ro space 10240K,  44% used [0x388d0000, 0x38d47e30, 0x38d48000, 0x392d0000)
    rw space 12288K,  52% used [0x392d0000, 0x3991eb58, 0x3991ec00, 0x39ed0000)
Event: 59.729 GC heap after
Heap after GC invocations=32 (full 1):
 def new generation   total 4992K, used 34K [0x248d0000, 0x24e30000, 0x29e20000)
  eden space 4480K,   0% used [0x248d0000, 0x248d0000, 0x24d30000)
  from space 512K,   6% used [0x24d30000, 0x24d38878, 0x24db0000)
  to   space 512K,   0% used [0x24db0000, 0x24db0000, 0x24e30000)
 tenured generation   total 10944K, used 6008K [0x29e20000, 0x2a8d0000, 0x348d0000)
   the space 10944K,  54% used [0x29e20000, 0x2a3fe030, 0x2a3fe200, 0x2a8d0000)
 compacting perm gen  total 12288K, used 1276K [0x348d0000, 0x354d0000, 0x388d0000)
   the space 12288K,  10% used [0x348d0000, 0x34a0f360, 0x34a0f400, 0x354d0000)
    ro space 10240K,  44% used [0x388d0000, 0x38d47e30, 0x38d48000, 0x392d0000)
    rw space 12288K,  52% used [0x392d0000, 0x3991eb58, 0x3991ec00, 0x39ed0000)
}
Event: 60.278 GC heap before
{Heap before GC invocations=32 (full 1):
 def new generation   total 4992K, used 4514K [0x248d0000, 0x24e30000, 0x29e20000)
  eden space 4480K, 100% used [0x248d0000, 0x24d30000, 0x24d30000)
  from space 512K,   6% used [0x24d30000, 0x24d38878, 0x24db0000)
  to   space 512K,   0% used [0x24db0000, 0x24db0000, 0x24e30000)
 tenured generation   total 10944K, used 6008K [0x29e20000, 0x2a8d0000, 0x348d0000)
   the space 10944K,  54% used [0x29e20000, 0x2a3fe030, 0x2a3fe200, 0x2a8d0000)
 compacting perm gen  total 12288K, used 1276K [0x348d0000, 0x354d0000, 0x388d0000)
   the space 12288K,  10% used [0x348d0000, 0x34a0f3a0, 0x34a0f400, 0x354d0000)
    ro space 10240K,  44% used [0x388d0000, 0x38d47e30, 0x38d48000, 0x392d0000)
    rw space 12288K,  52% used [0x392d0000, 0x3991eb58, 0x3991ec00, 0x39ed0000)
Event: 60.279 GC heap after
Heap after GC invocations=33 (full 1):
 def new generation   total 4992K, used 35K [0x248d0000, 0x24e30000, 0x29e20000)
  eden space 4480K,   0% used [0x248d0000, 0x248d0000, 0x24d30000)
  from space 512K,   6% used [0x24db0000, 0x24db8c18, 0x24e30000)
  to   space 512K,   0% used [0x24d30000, 0x24d30000, 0x24db0000)
 tenured generation   total 10944K, used 6008K [0x29e20000, 0x2a8d0000, 0x348d0000)
   the space 10944K,  54% used [0x29e20000, 0x2a3fe030, 0x2a3fe200, 0x2a8d0000)
 compacting perm gen  total 12288K, used 1276K [0x348d0000, 0x354d0000, 0x388d0000)
   the space 12288K,  10% used [0x348d0000, 0x34a0f3a0, 0x34a0f400, 0x354d0000)
    ro space 10240K,  44% used [0x388d0000, 0x38d47e30, 0x38d48000, 0x392d0000)
    rw space 12288K,  52% used [0x392d0000, 0x3991eb58, 0x3991ec00, 0x39ed0000)
}

